[0m16:27:42.486279 [debug] [MainThread]: Sending event: {'category': 'dbt', 'action': 'invocation', 'label': 'start', 'context': [<snowplow_tracker.self_describing_json.SelfDescribingJson object at 0x0000020D1EDA5310>, <snowplow_tracker.self_describing_json.SelfDescribingJson object at 0x0000020D1ECC7910>, <snowplow_tracker.self_describing_json.SelfDescribingJson object at 0x0000020D1E7C7950>]}


============================== 16:27:42.611160 | f67c3c8d-2fff-4207-a664-cb63569f9866 ==============================
[0m16:27:42.611160 [info ] [MainThread]: Running with dbt=1.7.2
[0m16:27:42.614140 [debug] [MainThread]: running dbt with arguments {'printer_width': '80', 'indirect_selection': 'eager', 'write_json': 'True', 'log_cache_events': 'False', 'partial_parse': 'True', 'cache_selected_only': 'False', 'profiles_dir': 'C:\\Users\\user\\.dbt', 'debug': 'False', 'version_check': 'True', 'log_path': 'C:\\Users\\user\\Desktop\\Data Engineering\\dbt Snowflake Project to Master dbt Fundamentals in Snowflake\\Code\\logs', 'fail_fast': 'False', 'warn_error': 'None', 'use_colors': 'True', 'use_experimental_parser': 'False', 'no_print': 'None', 'quiet': 'False', 'warn_error_options': 'WarnErrorOptions(include=[], exclude=[])', 'invocation_command': 'dbt run --select SHOW_DETAILS_DIM', 'introspect': 'True', 'static_parser': 'True', 'target_path': 'None', 'log_format': 'default', 'send_anonymous_usage_stats': 'True'}
[0m16:27:42.624135 [error] [MainThread]: Encountered an error:
Runtime Error
  Could not find profile named 'Netflix'
[0m16:27:42.629136 [debug] [MainThread]: Command `dbt run` failed at 16:27:42.628137 after 0.29 seconds
[0m16:27:42.631135 [debug] [MainThread]: Sending event: {'category': 'dbt', 'action': 'invocation', 'label': 'end', 'context': [<snowplow_tracker.self_describing_json.SelfDescribingJson object at 0x0000020D1E74CD90>, <snowplow_tracker.self_describing_json.SelfDescribingJson object at 0x0000020D18A47F50>, <snowplow_tracker.self_describing_json.SelfDescribingJson object at 0x0000020D1E8292D0>]}
[0m16:27:42.632134 [debug] [MainThread]: Flushing usage events
[0m16:35:51.904490 [debug] [MainThread]: Sending event: {'category': 'dbt', 'action': 'invocation', 'label': 'start', 'context': [<snowplow_tracker.self_describing_json.SelfDescribingJson object at 0x0000022738EAC450>, <snowplow_tracker.self_describing_json.SelfDescribingJson object at 0x0000022738317ED0>, <snowplow_tracker.self_describing_json.SelfDescribingJson object at 0x00000227388C0610>]}


============================== 16:35:51.910490 | fde0c7e2-322c-435e-862f-60747678e7e6 ==============================
[0m16:35:51.910490 [info ] [MainThread]: Running with dbt=1.7.2
[0m16:35:51.913497 [debug] [MainThread]: running dbt with arguments {'printer_width': '80', 'indirect_selection': 'eager', 'log_cache_events': 'False', 'write_json': 'True', 'partial_parse': 'True', 'cache_selected_only': 'False', 'profiles_dir': 'C:\\Users\\user\\.dbt', 'debug': 'False', 'version_check': 'True', 'log_path': 'C:\\Users\\user\\Desktop\\Data Engineering\\dbt Snowflake Project to Master dbt Fundamentals in Snowflake\\Code\\logs', 'fail_fast': 'False', 'warn_error': 'None', 'use_colors': 'True', 'use_experimental_parser': 'False', 'no_print': 'None', 'quiet': 'False', 'warn_error_options': 'WarnErrorOptions(include=[], exclude=[])', 'introspect': 'True', 'static_parser': 'True', 'log_format': 'default', 'target_path': 'None', 'invocation_command': 'dbt run --select SHOW_DETAILS_DIM', 'send_anonymous_usage_stats': 'True'}
[0m16:36:30.696964 [debug] [MainThread]: Sending event: {'category': 'dbt', 'action': 'project_id', 'label': 'fde0c7e2-322c-435e-862f-60747678e7e6', 'context': [<snowplow_tracker.self_describing_json.SelfDescribingJson object at 0x0000022741AD1BD0>]}
[0m16:36:30.831961 [debug] [MainThread]: Sending event: {'category': 'dbt', 'action': 'adapter_info', 'label': 'fde0c7e2-322c-435e-862f-60747678e7e6', 'context': [<snowplow_tracker.self_describing_json.SelfDescribingJson object at 0x000002273832E590>]}
[0m16:36:30.840981 [info ] [MainThread]: Registered adapter: snowflake=1.7.0
[0m16:36:30.888953 [debug] [MainThread]: checksum: 61e99fc04fd80d06ce91efefd25c0802dcce8a048167599a1a188233d6ce8ed9, vars: {}, profile: , target: , version: 1.7.2
[0m16:36:30.891956 [info ] [MainThread]: Unable to do partial parsing because saved manifest not found. Starting full parse.
[0m16:36:30.892961 [debug] [MainThread]: Sending event: {'category': 'dbt', 'action': 'partial_parser', 'label': 'fde0c7e2-322c-435e-862f-60747678e7e6', 'context': [<snowplow_tracker.self_describing_json.SelfDescribingJson object at 0x0000022741B79050>]}
[0m16:36:35.944377 [debug] [MainThread]: Sending event: {'category': 'dbt', 'action': 'load_project', 'label': 'fde0c7e2-322c-435e-862f-60747678e7e6', 'context': [<snowplow_tracker.self_describing_json.SelfDescribingJson object at 0x0000022741FE51D0>]}
[0m16:36:36.062146 [debug] [MainThread]: Sending event: {'category': 'dbt', 'action': 'resource_counts', 'label': 'fde0c7e2-322c-435e-862f-60747678e7e6', 'context': [<snowplow_tracker.self_describing_json.SelfDescribingJson object at 0x0000022741FE4150>]}
[0m16:36:36.067132 [info ] [MainThread]: Found 8 models, 7 tests, 2 sources, 0 exposures, 0 metrics, 430 macros, 0 groups, 0 semantic models
[0m16:36:36.070132 [debug] [MainThread]: Sending event: {'category': 'dbt', 'action': 'runnable_timing', 'label': 'fde0c7e2-322c-435e-862f-60747678e7e6', 'context': [<snowplow_tracker.self_describing_json.SelfDescribingJson object at 0x0000022741FB9FD0>]}
[0m16:36:36.079131 [info ] [MainThread]: 
[0m16:36:36.084125 [debug] [MainThread]: Acquiring new snowflake connection 'master'
[0m16:36:36.097897 [debug] [ThreadPool]: Acquiring new snowflake connection 'list_prod'
[0m16:36:36.131867 [debug] [ThreadPool]: Using snowflake connection "list_prod"
[0m16:36:36.133868 [debug] [ThreadPool]: On list_prod: /* {"app": "dbt", "dbt_version": "1.7.2", "profile_name": "Netflix", "target_name": "default", "connection_name": "list_prod"} */
show terse schemas in database prod
    limit 10000
[0m16:36:36.134892 [debug] [ThreadPool]: Opening a new connection, currently in state init
[0m16:36:42.775998 [debug] [ThreadPool]: SQL status: SUCCESS 4 in 7.0 seconds
[0m16:36:42.781998 [debug] [ThreadPool]: On list_prod: Close
[0m16:36:43.157336 [debug] [ThreadPool]: Acquiring new snowflake connection 'list_prod_dbt_raw'
[0m16:36:43.194329 [debug] [ThreadPool]: Using snowflake connection "list_prod_dbt_raw"
[0m16:36:43.195329 [debug] [ThreadPool]: On list_prod_dbt_raw: /* {"app": "dbt", "dbt_version": "1.7.2", "profile_name": "Netflix", "target_name": "default", "connection_name": "list_prod_dbt_raw"} */
show terse objects in prod.dbt_raw limit 10000
[0m16:36:43.196330 [debug] [ThreadPool]: Opening a new connection, currently in state init
[0m16:36:46.217417 [debug] [ThreadPool]: SQL status: SUCCESS 2 in 3.0 seconds
[0m16:36:46.223414 [debug] [ThreadPool]: On list_prod_dbt_raw: Close
[0m16:36:46.597403 [debug] [MainThread]: Sending event: {'category': 'dbt', 'action': 'runnable_timing', 'label': 'fde0c7e2-322c-435e-862f-60747678e7e6', 'context': [<snowplow_tracker.self_describing_json.SelfDescribingJson object at 0x0000022741E64D90>]}
[0m16:36:46.601410 [info ] [MainThread]: Concurrency: 4 threads (target='default')
[0m16:36:46.604411 [info ] [MainThread]: 
[0m16:36:46.714403 [debug] [Thread-1 (]: Began running node model.netflix_project.SHOW_DETAILS_DIM
[0m16:36:46.716406 [info ] [Thread-1 (]: 1 of 1 START sql table model dbt_raw.SHOW_DETAILS_DIM .......................... [RUN]
[0m16:36:46.720402 [debug] [Thread-1 (]: Acquiring new snowflake connection 'model.netflix_project.SHOW_DETAILS_DIM'
[0m16:36:46.722403 [debug] [Thread-1 (]: Began compiling node model.netflix_project.SHOW_DETAILS_DIM
[0m16:36:46.754404 [debug] [Thread-1 (]: Writing injected SQL for node "model.netflix_project.SHOW_DETAILS_DIM"
[0m16:36:46.763400 [debug] [Thread-1 (]: Timing info for model.netflix_project.SHOW_DETAILS_DIM (compile): 16:36:46.724400 => 16:36:46.762402
[0m16:36:46.765400 [debug] [Thread-1 (]: Began executing node model.netflix_project.SHOW_DETAILS_DIM
[0m16:36:46.804393 [debug] [Thread-1 (]: Using snowflake connection "model.netflix_project.SHOW_DETAILS_DIM"
[0m16:36:46.806398 [debug] [Thread-1 (]: On model.netflix_project.SHOW_DETAILS_DIM: /* {"app": "dbt", "dbt_version": "1.7.2", "profile_name": "Netflix", "target_name": "default", "node_id": "model.netflix_project.SHOW_DETAILS_DIM"} */
ALTER SESSION SET QUOTED_IDENTIFIERS_IGNORE_CASE = true
[0m16:36:46.807395 [debug] [Thread-1 (]: Opening a new connection, currently in state init
[0m16:36:48.624157 [debug] [Thread-1 (]: SQL status: SUCCESS 1 in 2.0 seconds
[0m16:36:48.654224 [debug] [Thread-1 (]: Writing runtime sql for node "model.netflix_project.SHOW_DETAILS_DIM"
[0m16:36:48.661137 [debug] [Thread-1 (]: Using snowflake connection "model.netflix_project.SHOW_DETAILS_DIM"
[0m16:36:48.663141 [debug] [Thread-1 (]: On model.netflix_project.SHOW_DETAILS_DIM: /* {"app": "dbt", "dbt_version": "1.7.2", "profile_name": "Netflix", "target_name": "default", "node_id": "model.netflix_project.SHOW_DETAILS_DIM"} */
create or replace transient table prod.dbt_raw.SHOW_DETAILS_DIM
         as
        (

SELECT
ID
,TITLE
,TYPE
,DESCRIPTION
,RELEASE_YEAR
,AGE_CERTIFICATION
,RUNTIME
,GENRES
,PRODUCTION_COUNTRIES
,SEASONS
FROM
PROD.DBT_RAW.TITLES
        );
[0m16:36:50.478165 [debug] [Thread-1 (]: SQL status: SUCCESS 1 in 2.0 seconds
[0m16:36:50.535130 [debug] [Thread-1 (]: Timing info for model.netflix_project.SHOW_DETAILS_DIM (execute): 16:36:46.767401 => 16:36:50.534132
[0m16:36:50.536135 [debug] [Thread-1 (]: On model.netflix_project.SHOW_DETAILS_DIM: Close
[0m16:36:50.879696 [debug] [Thread-1 (]: Sending event: {'category': 'dbt', 'action': 'run_model', 'label': 'fde0c7e2-322c-435e-862f-60747678e7e6', 'context': [<snowplow_tracker.self_describing_json.SelfDescribingJson object at 0x00000227425F05D0>]}
[0m16:36:50.881671 [info ] [Thread-1 (]: 1 of 1 OK created sql table model dbt_raw.SHOW_DETAILS_DIM ..................... [[32mSUCCESS 1[0m in 4.16s]
[0m16:36:50.884678 [debug] [Thread-1 (]: Finished running node model.netflix_project.SHOW_DETAILS_DIM
[0m16:36:50.888670 [debug] [MainThread]: Connection 'master' was properly closed.
[0m16:36:50.889671 [debug] [MainThread]: Connection 'list_prod' was properly closed.
[0m16:36:50.890671 [debug] [MainThread]: Connection 'list_prod_dbt_raw' was properly closed.
[0m16:36:50.891671 [debug] [MainThread]: Connection 'model.netflix_project.SHOW_DETAILS_DIM' was properly closed.
[0m16:36:50.892673 [info ] [MainThread]: 
[0m16:36:50.893676 [info ] [MainThread]: Finished running 1 table model in 0 hours 0 minutes and 14.81 seconds (14.81s).
[0m16:36:50.896672 [debug] [MainThread]: Command end result
[0m16:36:50.916673 [info ] [MainThread]: 
[0m16:36:50.918671 [info ] [MainThread]: [32mCompleted successfully[0m
[0m16:36:50.919676 [info ] [MainThread]: 
[0m16:36:50.920671 [info ] [MainThread]: Done. PASS=1 WARN=0 ERROR=0 SKIP=0 TOTAL=1
[0m16:36:50.923679 [debug] [MainThread]: Command `dbt run` succeeded at 16:36:50.922677 after 59.10 seconds
[0m16:36:50.924678 [debug] [MainThread]: Sending event: {'category': 'dbt', 'action': 'invocation', 'label': 'end', 'context': [<snowplow_tracker.self_describing_json.SelfDescribingJson object at 0x0000022732547F50>, <snowplow_tracker.self_describing_json.SelfDescribingJson object at 0x0000022738EDC810>, <snowplow_tracker.self_describing_json.SelfDescribingJson object at 0x0000022738305B50>]}
[0m16:36:50.925676 [debug] [MainThread]: Flushing usage events
[0m16:55:32.076264 [debug] [MainThread]: Sending event: {'category': 'dbt', 'action': 'invocation', 'label': 'start', 'context': [<snowplow_tracker.self_describing_json.SelfDescribingJson object at 0x0000027AC66A7E10>, <snowplow_tracker.self_describing_json.SelfDescribingJson object at 0x0000027AC5FD2850>, <snowplow_tracker.self_describing_json.SelfDescribingJson object at 0x0000027AC5F25110>]}


============================== 16:55:32.157131 | a2282df6-a558-4ee1-95f1-07f57398d99c ==============================
[0m16:55:32.157131 [info ] [MainThread]: Running with dbt=1.7.2
[0m16:55:32.159845 [debug] [MainThread]: running dbt with arguments {'printer_width': '80', 'indirect_selection': 'eager', 'log_cache_events': 'False', 'write_json': 'True', 'partial_parse': 'True', 'cache_selected_only': 'False', 'profiles_dir': 'C:\\Users\\user\\.dbt', 'debug': 'False', 'fail_fast': 'False', 'log_path': 'C:\\Users\\user\\Desktop\\Data Engineering\\dbt Snowflake Project to Master dbt Fundamentals in Snowflake\\Code\\logs', 'warn_error': 'None', 'version_check': 'True', 'use_colors': 'True', 'use_experimental_parser': 'False', 'no_print': 'None', 'quiet': 'False', 'warn_error_options': 'WarnErrorOptions(include=[], exclude=[])', 'introspect': 'True', 'invocation_command': 'dbt run --select SHOW_DETAILS_DIM --target prod', 'log_format': 'default', 'target_path': 'None', 'static_parser': 'True', 'send_anonymous_usage_stats': 'True'}
[0m16:55:32.175844 [error] [MainThread]: Encountered an error:
Runtime Error
  The profile 'Netflix' does not have a target named 'prod'. The valid target names for this profile are:
   - default
[0m16:55:32.180845 [debug] [MainThread]: Command `dbt run` failed at 16:55:32.179850 after 0.35 seconds
[0m16:55:32.181850 [debug] [MainThread]: Sending event: {'category': 'dbt', 'action': 'invocation', 'label': 'end', 'context': [<snowplow_tracker.self_describing_json.SelfDescribingJson object at 0x0000027AC5FC4810>, <snowplow_tracker.self_describing_json.SelfDescribingJson object at 0x0000027ABF8E85D0>, <snowplow_tracker.self_describing_json.SelfDescribingJson object at 0x0000027AC60C38D0>]}
[0m16:55:32.182845 [debug] [MainThread]: Flushing usage events
[0m16:56:47.923119 [debug] [MainThread]: Sending event: {'category': 'dbt', 'action': 'invocation', 'label': 'start', 'context': [<snowplow_tracker.self_describing_json.SelfDescribingJson object at 0x00000255C4FAB3D0>, <snowplow_tracker.self_describing_json.SelfDescribingJson object at 0x00000255C48C7750>, <snowplow_tracker.self_describing_json.SelfDescribingJson object at 0x00000255C4893E50>]}


============================== 16:56:47.930126 | 96f271ea-8534-43d1-98e5-b4a3533ac707 ==============================
[0m16:56:47.930126 [info ] [MainThread]: Running with dbt=1.7.2
[0m16:56:47.932120 [debug] [MainThread]: running dbt with arguments {'printer_width': '80', 'indirect_selection': 'eager', 'log_cache_events': 'False', 'write_json': 'True', 'partial_parse': 'True', 'cache_selected_only': 'False', 'warn_error': 'None', 'fail_fast': 'False', 'version_check': 'True', 'log_path': 'C:\\Users\\user\\Desktop\\Data Engineering\\dbt Snowflake Project to Master dbt Fundamentals in Snowflake\\Code\\logs', 'profiles_dir': 'C:\\Users\\user\\.dbt', 'debug': 'False', 'use_colors': 'True', 'use_experimental_parser': 'False', 'no_print': 'None', 'quiet': 'False', 'warn_error_options': 'WarnErrorOptions(include=[], exclude=[])', 'invocation_command': 'dbt run --select SHOW_DETAILS_DIM --target dev', 'static_parser': 'True', 'log_format': 'default', 'target_path': 'None', 'introspect': 'True', 'send_anonymous_usage_stats': 'True'}
[0m16:56:47.940122 [error] [MainThread]: Encountered an error:
Runtime Error
  The profile 'Netflix' does not have a target named 'dev'. The valid target names for this profile are:
   - prod
[0m16:56:47.942126 [debug] [MainThread]: Command `dbt run` failed at 16:56:47.942126 after 0.10 seconds
[0m16:56:47.943143 [debug] [MainThread]: Sending event: {'category': 'dbt', 'action': 'invocation', 'label': 'end', 'context': [<snowplow_tracker.self_describing_json.SelfDescribingJson object at 0x00000255BE6E9F50>, <snowplow_tracker.self_describing_json.SelfDescribingJson object at 0x00000255C48ECB10>, <snowplow_tracker.self_describing_json.SelfDescribingJson object at 0x00000255BE8D0090>]}
[0m16:56:47.945142 [debug] [MainThread]: Flushing usage events
[0m16:58:24.911625 [debug] [MainThread]: Sending event: {'category': 'dbt', 'action': 'invocation', 'label': 'start', 'context': [<snowplow_tracker.self_describing_json.SelfDescribingJson object at 0x000002D144724F50>, <snowplow_tracker.self_describing_json.SelfDescribingJson object at 0x000002D1447D1610>, <snowplow_tracker.self_describing_json.SelfDescribingJson object at 0x000002D1447EF750>]}


============================== 16:58:24.917630 | 70f1783f-f7a7-40ce-958d-7955f3dc47eb ==============================
[0m16:58:24.917630 [info ] [MainThread]: Running with dbt=1.7.2
[0m16:58:24.920629 [debug] [MainThread]: running dbt with arguments {'printer_width': '80', 'indirect_selection': 'eager', 'write_json': 'True', 'log_cache_events': 'False', 'partial_parse': 'True', 'cache_selected_only': 'False', 'warn_error': 'None', 'version_check': 'True', 'debug': 'False', 'log_path': 'C:\\Users\\user\\Desktop\\Data Engineering\\dbt Snowflake Project to Master dbt Fundamentals in Snowflake\\Code\\logs', 'fail_fast': 'False', 'profiles_dir': 'C:\\Users\\user\\.dbt', 'use_colors': 'True', 'use_experimental_parser': 'False', 'no_print': 'None', 'quiet': 'False', 'warn_error_options': 'WarnErrorOptions(include=[], exclude=[])', 'introspect': 'True', 'log_format': 'default', 'static_parser': 'True', 'target_path': 'None', 'invocation_command': 'dbt run --select SHOW_DETAILS_DIM --target dev', 'send_anonymous_usage_stats': 'True'}
[0m16:58:24.927626 [error] [MainThread]: Encountered an error:
Runtime Error
  
  dbt encountered an error while trying to read your profiles.yml file.
  
  Runtime Error
    Syntax error near line 15
    ------------------------------
    12 |       warehouse: COMPUTE_WH
    13 |   target: default
    14 | 
    15 |     dev:
    16 |       account: sg30560.eu-west-1
    17 |       database: prod
    18 |       password: Masusu@0613
    
    Raw Error:
    ------------------------------
    mapping values are not allowed in this context
      in "<unicode string>", line 15, column 8
  
[0m16:58:24.930626 [debug] [MainThread]: Command `dbt run` failed at 16:58:24.929626 after 0.04 seconds
[0m16:58:24.931626 [debug] [MainThread]: Sending event: {'category': 'dbt', 'action': 'invocation', 'label': 'end', 'context': [<snowplow_tracker.self_describing_json.SelfDescribingJson object at 0x000002D1443BF610>, <snowplow_tracker.self_describing_json.SelfDescribingJson object at 0x000002D13E1585D0>, <snowplow_tracker.self_describing_json.SelfDescribingJson object at 0x000002D144315F50>]}
[0m16:58:24.932626 [debug] [MainThread]: Flushing usage events
[0m17:00:01.451495 [debug] [MainThread]: Sending event: {'category': 'dbt', 'action': 'invocation', 'label': 'start', 'context': [<snowplow_tracker.self_describing_json.SelfDescribingJson object at 0x0000017913C4CC10>, <snowplow_tracker.self_describing_json.SelfDescribingJson object at 0x00000179148B9B10>, <snowplow_tracker.self_describing_json.SelfDescribingJson object at 0x00000179141EE5D0>]}


============================== 17:00:01.461497 | 498203e4-7b78-4733-9248-e55406a32476 ==============================
[0m17:00:01.461497 [info ] [MainThread]: Running with dbt=1.7.2
[0m17:00:01.464500 [debug] [MainThread]: running dbt with arguments {'printer_width': '80', 'indirect_selection': 'eager', 'write_json': 'True', 'log_cache_events': 'False', 'partial_parse': 'True', 'cache_selected_only': 'False', 'warn_error': 'None', 'debug': 'False', 'version_check': 'True', 'log_path': 'C:\\Users\\user\\Desktop\\Data Engineering\\dbt Snowflake Project to Master dbt Fundamentals in Snowflake\\Code\\logs', 'fail_fast': 'False', 'profiles_dir': 'C:\\Users\\user\\.dbt', 'use_colors': 'True', 'use_experimental_parser': 'False', 'no_print': 'None', 'quiet': 'False', 'warn_error_options': 'WarnErrorOptions(include=[], exclude=[])', 'static_parser': 'True', 'log_format': 'default', 'introspect': 'True', 'target_path': 'None', 'invocation_command': 'dbt run --select SHOW_DETAILS_DIM --target dev', 'send_anonymous_usage_stats': 'True'}
[0m17:00:13.537282 [debug] [MainThread]: Sending event: {'category': 'dbt', 'action': 'project_id', 'label': '498203e4-7b78-4733-9248-e55406a32476', 'context': [<snowplow_tracker.self_describing_json.SelfDescribingJson object at 0x000001791D4248D0>]}
[0m17:00:13.731276 [debug] [MainThread]: Sending event: {'category': 'dbt', 'action': 'adapter_info', 'label': '498203e4-7b78-4733-9248-e55406a32476', 'context': [<snowplow_tracker.self_describing_json.SelfDescribingJson object at 0x000001791D4D9E50>]}
[0m17:00:13.733278 [info ] [MainThread]: Registered adapter: snowflake=1.7.0
[0m17:00:13.770283 [debug] [MainThread]: checksum: 2f292045c0026630e4f380dd99fd46818ea813128268fe9e78cedc9f11c7ae4d, vars: {}, profile: , target: dev, version: 1.7.2
[0m17:00:14.087273 [info ] [MainThread]: Unable to do partial parsing because config vars, config profile, or config target have changed
[0m17:00:14.089278 [debug] [MainThread]: previous checksum: 2f292045c0026630e4f380dd99fd46818ea813128268fe9e78cedc9f11c7ae4d, current checksum: 61e99fc04fd80d06ce91efefd25c0802dcce8a048167599a1a188233d6ce8ed9
[0m17:00:14.091294 [info ] [MainThread]: Unable to do partial parsing because profile has changed
[0m17:00:14.093279 [debug] [MainThread]: Sending event: {'category': 'dbt', 'action': 'partial_parser', 'label': '498203e4-7b78-4733-9248-e55406a32476', 'context': [<snowplow_tracker.self_describing_json.SelfDescribingJson object at 0x000001791B3C8510>]}
[0m17:00:17.195640 [debug] [MainThread]: Sending event: {'category': 'dbt', 'action': 'load_project', 'label': '498203e4-7b78-4733-9248-e55406a32476', 'context': [<snowplow_tracker.self_describing_json.SelfDescribingJson object at 0x000001791DD9CC50>]}
[0m17:00:17.348066 [debug] [MainThread]: Sending event: {'category': 'dbt', 'action': 'resource_counts', 'label': '498203e4-7b78-4733-9248-e55406a32476', 'context': [<snowplow_tracker.self_describing_json.SelfDescribingJson object at 0x000001791DE99F10>]}
[0m17:00:17.351055 [info ] [MainThread]: Found 8 models, 7 tests, 2 sources, 0 exposures, 0 metrics, 430 macros, 0 groups, 0 semantic models
[0m17:00:17.356046 [debug] [MainThread]: Sending event: {'category': 'dbt', 'action': 'runnable_timing', 'label': '498203e4-7b78-4733-9248-e55406a32476', 'context': [<snowplow_tracker.self_describing_json.SelfDescribingJson object at 0x000001791DD6B610>]}
[0m17:00:17.365094 [info ] [MainThread]: 
[0m17:00:17.376095 [debug] [MainThread]: Acquiring new snowflake connection 'master'
[0m17:00:17.387502 [debug] [ThreadPool]: Acquiring new snowflake connection 'list_prod'
[0m17:00:17.417498 [debug] [ThreadPool]: Using snowflake connection "list_prod"
[0m17:00:17.418500 [debug] [ThreadPool]: On list_prod: /* {"app": "dbt", "dbt_version": "1.7.2", "profile_name": "Netflix", "target_name": "dev", "connection_name": "list_prod"} */
show terse schemas in database prod
    limit 10000
[0m17:00:17.419497 [debug] [ThreadPool]: Opening a new connection, currently in state init
[0m17:00:21.155545 [debug] [ThreadPool]: SQL status: SUCCESS 4 in 4.0 seconds
[0m17:00:21.161543 [debug] [ThreadPool]: On list_prod: Close
[0m17:00:21.729747 [debug] [ThreadPool]: Acquiring new snowflake connection 'list_prod_dbt_transform'
[0m17:00:21.772757 [debug] [ThreadPool]: Using snowflake connection "list_prod_dbt_transform"
[0m17:00:21.774729 [debug] [ThreadPool]: On list_prod_dbt_transform: /* {"app": "dbt", "dbt_version": "1.7.2", "profile_name": "Netflix", "target_name": "dev", "connection_name": "list_prod_dbt_transform"} */
show terse objects in prod.dbt_transform limit 10000
[0m17:00:21.776759 [debug] [ThreadPool]: Opening a new connection, currently in state init
[0m17:00:23.627592 [debug] [ThreadPool]: SQL status: SUCCESS 0 in 2.0 seconds
[0m17:00:23.635583 [debug] [ThreadPool]: On list_prod_dbt_transform: Close
[0m17:00:24.217104 [debug] [MainThread]: Sending event: {'category': 'dbt', 'action': 'runnable_timing', 'label': '498203e4-7b78-4733-9248-e55406a32476', 'context': [<snowplow_tracker.self_describing_json.SelfDescribingJson object at 0x000001791D569890>]}
[0m17:00:24.220051 [info ] [MainThread]: Concurrency: 4 threads (target='dev')
[0m17:00:24.223058 [info ] [MainThread]: 
[0m17:00:24.317257 [debug] [Thread-1 (]: Began running node model.netflix_project.SHOW_DETAILS_DIM
[0m17:00:24.318282 [info ] [Thread-1 (]: 1 of 1 START sql table model dbt_transform.SHOW_DETAILS_DIM .................... [RUN]
[0m17:00:24.322272 [debug] [Thread-1 (]: Acquiring new snowflake connection 'model.netflix_project.SHOW_DETAILS_DIM'
[0m17:00:24.323302 [debug] [Thread-1 (]: Began compiling node model.netflix_project.SHOW_DETAILS_DIM
[0m17:00:24.334297 [debug] [Thread-1 (]: Writing injected SQL for node "model.netflix_project.SHOW_DETAILS_DIM"
[0m17:00:24.349518 [debug] [Thread-1 (]: Timing info for model.netflix_project.SHOW_DETAILS_DIM (compile): 17:00:24.324301 => 17:00:24.348498
[0m17:00:24.351518 [debug] [Thread-1 (]: Began executing node model.netflix_project.SHOW_DETAILS_DIM
[0m17:00:24.381520 [debug] [Thread-1 (]: Using snowflake connection "model.netflix_project.SHOW_DETAILS_DIM"
[0m17:00:24.382516 [debug] [Thread-1 (]: On model.netflix_project.SHOW_DETAILS_DIM: /* {"app": "dbt", "dbt_version": "1.7.2", "profile_name": "Netflix", "target_name": "dev", "node_id": "model.netflix_project.SHOW_DETAILS_DIM"} */
ALTER SESSION SET QUOTED_IDENTIFIERS_IGNORE_CASE = true
[0m17:00:24.383516 [debug] [Thread-1 (]: Opening a new connection, currently in state init
[0m17:00:26.547700 [debug] [Thread-1 (]: SQL status: SUCCESS 1 in 2.0 seconds
[0m17:00:26.579690 [debug] [Thread-1 (]: Writing runtime sql for node "model.netflix_project.SHOW_DETAILS_DIM"
[0m17:00:26.582667 [debug] [Thread-1 (]: Using snowflake connection "model.netflix_project.SHOW_DETAILS_DIM"
[0m17:00:26.583692 [debug] [Thread-1 (]: On model.netflix_project.SHOW_DETAILS_DIM: /* {"app": "dbt", "dbt_version": "1.7.2", "profile_name": "Netflix", "target_name": "dev", "node_id": "model.netflix_project.SHOW_DETAILS_DIM"} */
create or replace transient table prod.dbt_transform.SHOW_DETAILS_DIM
         as
        (

SELECT
ID
,TITLE
,TYPE
,DESCRIPTION
,RELEASE_YEAR
,AGE_CERTIFICATION
,RUNTIME
,GENRES
,PRODUCTION_COUNTRIES
,SEASONS
FROM
PROD.DBT_RAW.TITLES
        );
[0m17:00:29.383198 [debug] [Thread-1 (]: SQL status: SUCCESS 1 in 3.0 seconds
[0m17:00:29.446148 [debug] [Thread-1 (]: Timing info for model.netflix_project.SHOW_DETAILS_DIM (execute): 17:00:24.351518 => 17:00:29.444146
[0m17:00:29.447150 [debug] [Thread-1 (]: On model.netflix_project.SHOW_DETAILS_DIM: Close
[0m17:00:29.864194 [debug] [Thread-1 (]: Sending event: {'category': 'dbt', 'action': 'run_model', 'label': '498203e4-7b78-4733-9248-e55406a32476', 'context': [<snowplow_tracker.self_describing_json.SelfDescribingJson object at 0x000001791D999910>]}
[0m17:00:29.867196 [info ] [Thread-1 (]: 1 of 1 OK created sql table model dbt_transform.SHOW_DETAILS_DIM ............... [[32mSUCCESS 1[0m in 5.54s]
[0m17:00:29.873198 [debug] [Thread-1 (]: Finished running node model.netflix_project.SHOW_DETAILS_DIM
[0m17:00:29.881201 [debug] [MainThread]: Connection 'master' was properly closed.
[0m17:00:29.882203 [debug] [MainThread]: Connection 'list_prod' was properly closed.
[0m17:00:29.884206 [debug] [MainThread]: Connection 'list_prod_dbt_transform' was properly closed.
[0m17:00:29.887195 [debug] [MainThread]: Connection 'model.netflix_project.SHOW_DETAILS_DIM' was properly closed.
[0m17:00:29.890212 [info ] [MainThread]: 
[0m17:00:29.892191 [info ] [MainThread]: Finished running 1 table model in 0 hours 0 minutes and 12.52 seconds (12.52s).
[0m17:00:29.895215 [debug] [MainThread]: Command end result
[0m17:00:29.917188 [info ] [MainThread]: 
[0m17:00:29.920193 [info ] [MainThread]: [32mCompleted successfully[0m
[0m17:00:29.922214 [info ] [MainThread]: 
[0m17:00:29.924187 [info ] [MainThread]: Done. PASS=1 WARN=0 ERROR=0 SKIP=0 TOTAL=1
[0m17:00:29.926189 [debug] [MainThread]: Command `dbt run` succeeded at 17:00:29.926189 after 28.57 seconds
[0m17:00:29.927211 [debug] [MainThread]: Sending event: {'category': 'dbt', 'action': 'invocation', 'label': 'end', 'context': [<snowplow_tracker.self_describing_json.SelfDescribingJson object at 0x0000017913DB3350>, <snowplow_tracker.self_describing_json.SelfDescribingJson object at 0x000001790DC985D0>, <snowplow_tracker.self_describing_json.SelfDescribingJson object at 0x00000179141C0C90>]}
[0m17:00:29.929193 [debug] [MainThread]: Flushing usage events
[0m17:02:36.346140 [debug] [MainThread]: Sending event: {'category': 'dbt', 'action': 'invocation', 'label': 'start', 'context': [<snowplow_tracker.self_describing_json.SelfDescribingJson object at 0x000001F38A307610>, <snowplow_tracker.self_describing_json.SelfDescribingJson object at 0x000001F38A866E50>, <snowplow_tracker.self_describing_json.SelfDescribingJson object at 0x000001F38AEB9BD0>]}


============================== 17:02:36.352141 | cac280e6-90d9-4539-a8a1-0c61193fac60 ==============================
[0m17:02:36.352141 [info ] [MainThread]: Running with dbt=1.7.2
[0m17:02:36.355142 [debug] [MainThread]: running dbt with arguments {'printer_width': '80', 'indirect_selection': 'eager', 'write_json': 'True', 'log_cache_events': 'False', 'partial_parse': 'True', 'cache_selected_only': 'False', 'profiles_dir': 'C:\\Users\\user\\.dbt', 'fail_fast': 'False', 'debug': 'False', 'log_path': 'C:\\Users\\user\\Desktop\\Data Engineering\\dbt Snowflake Project to Master dbt Fundamentals in Snowflake\\Code\\logs', 'warn_error': 'None', 'version_check': 'True', 'use_colors': 'True', 'use_experimental_parser': 'False', 'no_print': 'None', 'quiet': 'False', 'log_format': 'default', 'invocation_command': 'dbt run --select SHOW_DETAILS_DIM --target prod', 'introspect': 'True', 'warn_error_options': 'WarnErrorOptions(include=[], exclude=[])', 'target_path': 'None', 'static_parser': 'True', 'send_anonymous_usage_stats': 'True'}
[0m17:02:37.825145 [debug] [MainThread]: Sending event: {'category': 'dbt', 'action': 'project_id', 'label': 'cac280e6-90d9-4539-a8a1-0c61193fac60', 'context': [<snowplow_tracker.self_describing_json.SelfDescribingJson object at 0x000001F393A79110>]}
[0m17:02:37.974145 [debug] [MainThread]: Sending event: {'category': 'dbt', 'action': 'adapter_info', 'label': 'cac280e6-90d9-4539-a8a1-0c61193fac60', 'context': [<snowplow_tracker.self_describing_json.SelfDescribingJson object at 0x000001F393A26590>]}
[0m17:02:37.976121 [info ] [MainThread]: Registered adapter: snowflake=1.7.0
[0m17:02:37.991118 [debug] [MainThread]: checksum: 75c69f008a39b50b49aae90aa21f11eb6167e5ad6e4a72180c4b87edb20e234e, vars: {}, profile: , target: prod, version: 1.7.2
[0m17:02:38.098142 [info ] [MainThread]: Unable to do partial parsing because config vars, config profile, or config target have changed
[0m17:02:38.099121 [debug] [MainThread]: previous checksum: 75c69f008a39b50b49aae90aa21f11eb6167e5ad6e4a72180c4b87edb20e234e, current checksum: 2f292045c0026630e4f380dd99fd46818ea813128268fe9e78cedc9f11c7ae4d
[0m17:02:38.101122 [debug] [MainThread]: Sending event: {'category': 'dbt', 'action': 'partial_parser', 'label': 'cac280e6-90d9-4539-a8a1-0c61193fac60', 'context': [<snowplow_tracker.self_describing_json.SelfDescribingJson object at 0x000001F393EC6CD0>]}
[0m17:02:40.205112 [debug] [MainThread]: Sending event: {'category': 'dbt', 'action': 'load_project', 'label': 'cac280e6-90d9-4539-a8a1-0c61193fac60', 'context': [<snowplow_tracker.self_describing_json.SelfDescribingJson object at 0x000001F393FE1B10>]}
[0m17:02:40.227091 [debug] [MainThread]: Sending event: {'category': 'dbt', 'action': 'resource_counts', 'label': 'cac280e6-90d9-4539-a8a1-0c61193fac60', 'context': [<snowplow_tracker.self_describing_json.SelfDescribingJson object at 0x000001F393BEE5D0>]}
[0m17:02:40.229091 [info ] [MainThread]: Found 8 models, 7 tests, 2 sources, 0 exposures, 0 metrics, 430 macros, 0 groups, 0 semantic models
[0m17:02:40.231091 [debug] [MainThread]: Sending event: {'category': 'dbt', 'action': 'runnable_timing', 'label': 'cac280e6-90d9-4539-a8a1-0c61193fac60', 'context': [<snowplow_tracker.self_describing_json.SelfDescribingJson object at 0x000001F393FE1FD0>]}
[0m17:02:40.235088 [info ] [MainThread]: 
[0m17:02:40.238087 [debug] [MainThread]: Acquiring new snowflake connection 'master'
[0m17:02:40.241087 [debug] [ThreadPool]: Acquiring new snowflake connection 'list_prod'
[0m17:02:40.268113 [debug] [ThreadPool]: Using snowflake connection "list_prod"
[0m17:02:40.270088 [debug] [ThreadPool]: On list_prod: /* {"app": "dbt", "dbt_version": "1.7.2", "profile_name": "Netflix", "target_name": "prod", "connection_name": "list_prod"} */
show terse schemas in database prod
    limit 10000
[0m17:02:40.271096 [debug] [ThreadPool]: Opening a new connection, currently in state init
[0m17:02:42.342521 [debug] [ThreadPool]: SQL status: SUCCESS 4 in 2.0 seconds
[0m17:02:42.350520 [debug] [ThreadPool]: On list_prod: Close
[0m17:02:42.723803 [debug] [ThreadPool]: Re-using an available connection from the pool (formerly list_prod, now create_prod_dbt_prod)
[0m17:02:42.751060 [debug] [ThreadPool]: Creating schema "database: "prod"
schema: "dbt_prod"
"
[0m17:02:42.779132 [debug] [ThreadPool]: Using snowflake connection "create_prod_dbt_prod"
[0m17:02:42.782138 [debug] [ThreadPool]: On create_prod_dbt_prod: /* {"app": "dbt", "dbt_version": "1.7.2", "profile_name": "Netflix", "target_name": "prod", "connection_name": "create_prod_dbt_prod"} */
create schema if not exists prod.dbt_prod
[0m17:02:42.785166 [debug] [ThreadPool]: Opening a new connection, currently in state closed
[0m17:02:44.455618 [debug] [ThreadPool]: SQL status: SUCCESS 1 in 2.0 seconds
[0m17:02:44.463631 [debug] [ThreadPool]: On create_prod_dbt_prod: Close
[0m17:02:44.817357 [debug] [ThreadPool]: Acquiring new snowflake connection 'list_prod_dbt_prod'
[0m17:02:44.846363 [debug] [ThreadPool]: Using snowflake connection "list_prod_dbt_prod"
[0m17:02:44.848383 [debug] [ThreadPool]: On list_prod_dbt_prod: /* {"app": "dbt", "dbt_version": "1.7.2", "profile_name": "Netflix", "target_name": "prod", "connection_name": "list_prod_dbt_prod"} */
show terse objects in prod.dbt_prod limit 10000
[0m17:02:44.849382 [debug] [ThreadPool]: Opening a new connection, currently in state init
[0m17:02:46.447531 [debug] [ThreadPool]: SQL status: SUCCESS 0 in 2.0 seconds
[0m17:02:46.451527 [debug] [ThreadPool]: On list_prod_dbt_prod: Close
[0m17:02:46.960561 [debug] [MainThread]: Sending event: {'category': 'dbt', 'action': 'runnable_timing', 'label': 'cac280e6-90d9-4539-a8a1-0c61193fac60', 'context': [<snowplow_tracker.self_describing_json.SelfDescribingJson object at 0x000001F393ED9350>]}
[0m17:02:46.963561 [info ] [MainThread]: Concurrency: 4 threads (target='prod')
[0m17:02:46.965562 [info ] [MainThread]: 
[0m17:02:46.975561 [debug] [Thread-1 (]: Began running node model.netflix_project.SHOW_DETAILS_DIM
[0m17:02:46.977562 [info ] [Thread-1 (]: 1 of 1 START sql table model dbt_prod.SHOW_DETAILS_DIM ......................... [RUN]
[0m17:02:46.981567 [debug] [Thread-1 (]: Acquiring new snowflake connection 'model.netflix_project.SHOW_DETAILS_DIM'
[0m17:02:46.984561 [debug] [Thread-1 (]: Began compiling node model.netflix_project.SHOW_DETAILS_DIM
[0m17:02:47.011558 [debug] [Thread-1 (]: Writing injected SQL for node "model.netflix_project.SHOW_DETAILS_DIM"
[0m17:02:47.015560 [debug] [Thread-1 (]: Timing info for model.netflix_project.SHOW_DETAILS_DIM (compile): 17:02:46.985563 => 17:02:47.014559
[0m17:02:47.017561 [debug] [Thread-1 (]: Began executing node model.netflix_project.SHOW_DETAILS_DIM
[0m17:02:47.081559 [debug] [Thread-1 (]: Using snowflake connection "model.netflix_project.SHOW_DETAILS_DIM"
[0m17:02:47.083566 [debug] [Thread-1 (]: On model.netflix_project.SHOW_DETAILS_DIM: /* {"app": "dbt", "dbt_version": "1.7.2", "profile_name": "Netflix", "target_name": "prod", "node_id": "model.netflix_project.SHOW_DETAILS_DIM"} */
ALTER SESSION SET QUOTED_IDENTIFIERS_IGNORE_CASE = true
[0m17:02:47.085560 [debug] [Thread-1 (]: Opening a new connection, currently in state init
[0m17:02:48.683626 [debug] [Thread-1 (]: SQL status: SUCCESS 1 in 2.0 seconds
[0m17:02:48.730574 [debug] [Thread-1 (]: Writing runtime sql for node "model.netflix_project.SHOW_DETAILS_DIM"
[0m17:02:48.734578 [debug] [Thread-1 (]: Using snowflake connection "model.netflix_project.SHOW_DETAILS_DIM"
[0m17:02:48.735573 [debug] [Thread-1 (]: On model.netflix_project.SHOW_DETAILS_DIM: /* {"app": "dbt", "dbt_version": "1.7.2", "profile_name": "Netflix", "target_name": "prod", "node_id": "model.netflix_project.SHOW_DETAILS_DIM"} */
create or replace transient table prod.dbt_prod.SHOW_DETAILS_DIM
         as
        (

SELECT
ID
,TITLE
,TYPE
,DESCRIPTION
,RELEASE_YEAR
,AGE_CERTIFICATION
,RUNTIME
,GENRES
,PRODUCTION_COUNTRIES
,SEASONS
FROM
PROD.DBT_RAW.TITLES
        );
[0m17:02:49.866259 [debug] [Thread-1 (]: SQL status: SUCCESS 1 in 1.0 seconds
[0m17:02:49.936214 [debug] [Thread-1 (]: Timing info for model.netflix_project.SHOW_DETAILS_DIM (execute): 17:02:47.018559 => 17:02:49.935211
[0m17:02:49.937216 [debug] [Thread-1 (]: On model.netflix_project.SHOW_DETAILS_DIM: Close
[0m17:02:50.448277 [debug] [Thread-1 (]: Sending event: {'category': 'dbt', 'action': 'run_model', 'label': 'cac280e6-90d9-4539-a8a1-0c61193fac60', 'context': [<snowplow_tracker.self_describing_json.SelfDescribingJson object at 0x000001F3944CC450>]}
[0m17:02:50.452278 [info ] [Thread-1 (]: 1 of 1 OK created sql table model dbt_prod.SHOW_DETAILS_DIM .................... [[32mSUCCESS 1[0m in 3.47s]
[0m17:02:50.460236 [debug] [Thread-1 (]: Finished running node model.netflix_project.SHOW_DETAILS_DIM
[0m17:02:50.469861 [debug] [MainThread]: Connection 'master' was properly closed.
[0m17:02:50.470862 [debug] [MainThread]: Connection 'create_prod_dbt_prod' was properly closed.
[0m17:02:50.472865 [debug] [MainThread]: Connection 'list_prod_dbt_prod' was properly closed.
[0m17:02:50.474861 [debug] [MainThread]: Connection 'model.netflix_project.SHOW_DETAILS_DIM' was properly closed.
[0m17:02:50.475865 [info ] [MainThread]: 
[0m17:02:50.479859 [info ] [MainThread]: Finished running 1 table model in 0 hours 0 minutes and 10.24 seconds (10.24s).
[0m17:02:50.483856 [debug] [MainThread]: Command end result
[0m17:02:50.508852 [info ] [MainThread]: 
[0m17:02:50.511852 [info ] [MainThread]: [32mCompleted successfully[0m
[0m17:02:50.512878 [info ] [MainThread]: 
[0m17:02:50.514849 [info ] [MainThread]: Done. PASS=1 WARN=0 ERROR=0 SKIP=0 TOTAL=1
[0m17:02:50.516876 [debug] [MainThread]: Command `dbt run` succeeded at 17:02:50.516876 after 14.25 seconds
[0m17:02:50.517877 [debug] [MainThread]: Sending event: {'category': 'dbt', 'action': 'invocation', 'label': 'end', 'context': [<snowplow_tracker.self_describing_json.SelfDescribingJson object at 0x000001F38AE88F90>, <snowplow_tracker.self_describing_json.SelfDescribingJson object at 0x000001F3845E9F50>, <snowplow_tracker.self_describing_json.SelfDescribingJson object at 0x000001F38A8C2850>]}
[0m17:02:50.519861 [debug] [MainThread]: Flushing usage events
